<?xml version="1.0" encoding="UTF-8"?>
<!-- Generated by org.testng.reporters.JUnitReportReporter -->
<testsuite hostname="HP" failures="0" tests="3" name="com.testAutoPhonez.autoTestPhoneZAdmin" time="20.939" errors="0" timestamp="2023-07-18T09:07:39 ICT" skipped="0">
  <testcase classname="com.testAutoPhonez.autoTestPhoneZAdmin" name="loginAdmin" time="6.081"/>
  <testcase classname="com.testAutoPhonez.autoTestPhoneZAdmin" name="Add_Categories" time="8.161"/>
  <testcase classname="com.testAutoPhonez.autoTestPhoneZAdmin" name="Add_Product" time="6.697"/>
</testsuite> <!-- com.testAutoPhonez.autoTestPhoneZAdmin -->
